TN:
SF:C:\Source\rust\prime-bag\src\nonzero_u16.rs
FNF:0
DA:49,132
DA:50,393
DA:53,112
DA:54,112
DA:57,4
DA:58,4
DA:61,26
DA:62,26
DA:64,26
DA:65,26
DA:67,26
DA:68,16
DA:70,10
DA:74,10
DA:75,10
DA:77,10
DA:78,10
LF:17
LH:17
end_of_record
TN:
SF:C:\Source\rust\prime-bag\src\nonzero_u8.rs
FNF:0
DA:49,0
DA:50,0
DA:53,0
DA:54,0
DA:57,0
DA:58,0
DA:61,0
DA:62,0
DA:64,0
DA:65,0
DA:67,0
DA:68,0
DA:70,0
DA:74,0
DA:75,0
DA:77,0
DA:78,0
LF:17
LH:0
end_of_record
TN:
SF:C:\Source\rust\prime-bag\src\prime_bag.rs
FNF:0
DA:13,1
DA:14,1
DA:18,0
DA:19,0
DA:22,24
DA:23,24
DA:40,2
DA:41,24
DA:42,24
DA:43,236
DA:44,106
DA:45,212
DA:46,106
DA:49,24
DA:62,2
DA:63,23
DA:64,23
DA:78,2
DA:79,7
DA:80,7
DA:83,13
DA:84,6
DA:85,6
DA:87,33
DA:88,9
DA:89,9
DA:92,6
DA:94,1
DA:110,2
DA:111,6
DA:112,6
DA:128,2
DA:129,3
DA:130,3
DA:142,2
DA:143,3
DA:144,3
DA:145,5
DA:146,2
DA:148,1
DA:160,2
DA:161,3
DA:162,3
DA:163,5
DA:164,4
DA:165,2
DA:168,1
DA:179,2
DA:180,2
DA:181,2
DA:196,2
DA:197,2
DA:198,2
DA:199,4
DA:200,4
DA:201,1
DA:216,2
DA:217,2
DA:218,2
DA:219,4
DA:220,4
DA:221,4
DA:222,1
DA:240,2
DA:241,2
DA:242,4
DA:243,1
DA:261,2
DA:262,2
DA:263,4
DA:264,1
DA:279,2
DA:280,1
DA:281,1
DA:282,1
LF:75
LH:73
end_of_record
TN:
SF:C:\Source\rust\prime-bag\src\prime_bag_iter.rs
FNF:0
DA:13,1
DA:20,7
DA:21,7
DA:22,1
DA:25,0
DA:26,18
DA:27,15
DA:28,6
DA:29,6
DA:31,3
DA:32,3
LF:11
LH:10
end_of_record
