TN:
SF:C:\Source\rust\prime-bag\src\group_iter.rs
FNF:0
DA:8,0
DA:18,42
DA:19,42
DA:20,12
DA:24,96
DA:26,30
DA:32,138
DA:33,36
DA:34,36
DA:37,30
DA:39,18
DA:40,18
DA:47,12
DA:48,12
DA:49,12
DA:50,12
DA:51,12
LF:17
LH:16
end_of_record
TN:
SF:C:\Source\rust\prime-bag\src\helpers.rs
FNF:0
DA:45,448
DA:46,448
DA:47,442
DA:48,442
DA:50,6
DA:56,174
DA:57,174
DA:58,174
DA:60,174
DA:61,174
DA:63,174
DA:64,104
DA:66,70
DA:70,20
DA:71,20
DA:72,20
DA:74,20
DA:75,20
DA:78,6
DA:79,6
LF:20
LH:20
end_of_record
TN:
SF:C:\Source\rust\prime-bag\src\iter.rs
FNF:0
DA:9,0
DA:17,2
DA:18,2
DA:19,2
DA:20,2
DA:21,2
DA:30,14
DA:31,14
DA:32,2
DA:36,36
DA:37,12
DA:38,12
DA:39,12
DA:41,6
LF:14
LH:13
end_of_record
TN:
SF:C:\Source\rust\prime-bag\src\lib.rs
FNF:0
DA:19,44
DA:26,82
DA:27,82
DA:33,2
DA:34,2
DA:37,2
DA:38,2
DA:45,82
DA:46,82
DA:47,770
DA:49,344
DA:50,0
DA:53,82
DA:59,80
DA:60,80
DA:65,14
DA:66,14
DA:69,26
DA:70,0
DA:71,0
DA:73,66
DA:74,18
DA:75,18
DA:78,12
DA:80,2
DA:85,6
DA:86,6
DA:87,10
DA:88,0
DA:90,2
DA:95,6
DA:96,6
DA:97,10
DA:98,4
DA:99,4
DA:102,2
DA:109,4
DA:110,4
DA:111,8
DA:112,4
DA:113,2
DA:118,4
DA:119,4
DA:120,8
DA:122,0
DA:123,2
DA:124,2
DA:132,4
DA:133,4
DA:134,8
DA:135,4
DA:136,4
DA:137,2
DA:146,12
DA:147,12
DA:154,6
DA:155,6
DA:160,4
DA:161,4
DA:168,4
DA:169,4
DA:170,2
DA:171,2
DA:179,4
DA:180,4
DA:182,8
DA:183,0
DA:185,2
DA:186,2
DA:189,2
DA:196,4
DA:197,4
DA:198,2
DA:199,2
DA:206,2
DA:207,2
DA:208,2
DA:214,0
DA:215,0
DA:216,0
DA:217,0
DA:218,0
DA:226,2
DA:227,2
DA:242,8
DA:243,8
DA:268,12
DA:269,12
LF:88
LH:77
end_of_record
